E:\VS2010PROJECT\MATTEST\DEBUG\MATTEST.EXE
E:\VS2010PROJECT\MATTEST\DEBUG\MATTEST.ILK
E:\VS2010PROJECT\MATTEST\DEBUG\MATTEST.PDB
E:\VS2010project\MatTest\MatTest\Debug\cl.command.1.tlog
E:\VS2010project\MatTest\MatTest\Debug\CL.read.1.tlog
E:\VS2010project\MatTest\MatTest\Debug\CL.write.1.tlog
E:\VS2010project\MatTest\MatTest\Debug\link.15540.read.1.tlog
E:\VS2010project\MatTest\MatTest\Debug\link.15540.write.1.tlog
E:\VS2010project\MatTest\MatTest\Debug\link.15540-cvtres.read.1.tlog
E:\VS2010project\MatTest\MatTest\Debug\link.15540-cvtres.write.1.tlog
E:\VS2010project\MatTest\MatTest\Debug\link.18708.read.1.tlog
E:\VS2010project\MatTest\MatTest\Debug\link.18708.write.1.tlog
E:\VS2010project\MatTest\MatTest\Debug\link.18708-cvtres.read.1.tlog
E:\VS2010project\MatTest\MatTest\Debug\link.18708-cvtres.write.1.tlog
E:\VS2010project\MatTest\MatTest\Debug\link.18768.read.1.tlog
E:\VS2010project\MatTest\MatTest\Debug\link.18768.write.1.tlog
E:\VS2010project\MatTest\MatTest\Debug\link.18768-cvtres.read.1.tlog
E:\VS2010project\MatTest\MatTest\Debug\link.18768-cvtres.write.1.tlog
E:\VS2010project\MatTest\MatTest\Debug\link.18948.read.1.tlog
E:\VS2010project\MatTest\MatTest\Debug\link.18948.write.1.tlog
E:\VS2010project\MatTest\MatTest\Debug\link.18948-cvtres.read.1.tlog
E:\VS2010project\MatTest\MatTest\Debug\link.18948-cvtres.write.1.tlog
E:\VS2010project\MatTest\MatTest\Debug\link.19580.read.1.tlog
E:\VS2010project\MatTest\MatTest\Debug\link.19580.write.1.tlog
E:\VS2010project\MatTest\MatTest\Debug\link.19580-cvtres.read.1.tlog
E:\VS2010project\MatTest\MatTest\Debug\link.19580-cvtres.write.1.tlog
E:\VS2010project\MatTest\MatTest\Debug\link.command.1.tlog
E:\VS2010project\MatTest\MatTest\Debug\link.read.1.tlog
E:\VS2010project\MatTest\MatTest\Debug\link.write.1.tlog
E:\VS2010project\MatTest\MatTest\Debug\link-cvtres.read.1.tlog
E:\VS2010project\MatTest\MatTest\Debug\link-cvtres.write.1.tlog
E:\VS2010PROJECT\MATTEST\MATTEST\DEBUG\MATTEST.EXE.EMBED.MANIFEST
E:\VS2010PROJECT\MATTEST\MATTEST\DEBUG\MATTEST.EXE.EMBED.MANIFEST.RES
E:\VS2010PROJECT\MATTEST\MATTEST\DEBUG\MATTEST.EXE.INTERMEDIATE.MANIFEST
E:\VS2010PROJECT\MATTEST\MATTEST\DEBUG\MATTEST.OBJ
E:\VS2010PROJECT\MATTEST\MATTEST\DEBUG\MATTEST.PCH
E:\VS2010PROJECT\MATTEST\MATTEST\DEBUG\MATTEST.RES
E:\VS2010project\MatTest\MatTest\Debug\MatTest_manifest.rc
E:\VS2010PROJECT\MATTEST\MATTEST\DEBUG\MATTESTDLG.OBJ
E:\VS2010project\MatTest\MatTest\Debug\mt.command.1.tlog
E:\VS2010project\MatTest\MatTest\Debug\mt.read.1.tlog
E:\VS2010project\MatTest\MatTest\Debug\mt.write.1.tlog
E:\VS2010project\MatTest\MatTest\Debug\rc.command.1.tlog
E:\VS2010project\MatTest\MatTest\Debug\rc.read.1.tlog
E:\VS2010project\MatTest\MatTest\Debug\rc.write.1.tlog
E:\VS2010PROJECT\MATTEST\MATTEST\DEBUG\STDAFX.OBJ
E:\VS2010project\MatTest\MatTest\Debug\vc100.idb
E:\VS2010PROJECT\MATTEST\MATTEST\DEBUG\VC100.PDB
